21-Jun-2019 20:29:48.026 严重 [main] org.apache.catalina.startup.Catalina.stopServer Could not contact [localhost:8005] (base port [8005] and offset [0]). Tomcat may not be running.
21-Jun-2019 20:29:52.530 警告 [main] org.apache.catalina.core.AprLifecycleListener.init 基于APR的本地库加载失败.错误报告为[E:\apache-tomcat-9.0.20\bin\tcnative-1.dll: Can't load IA 32-bit .dll on a AMD 64-bit platform]
	java.lang.UnsatisfiedLinkError: E:\apache-tomcat-9.0.20\bin\tcnative-1.dll: Can't load IA 32-bit .dll on a AMD 64-bit platform
		at java.lang.ClassLoader$NativeLibrary.load(Native Method)
		at java.lang.ClassLoader.loadLibrary0(ClassLoader.java:1941)
		at java.lang.ClassLoader.loadLibrary(ClassLoader.java:1824)
		at java.lang.Runtime.load0(Runtime.java:809)
		at java.lang.System.load(System.java:1086)
		at org.apache.tomcat.jni.Library.<init>(Library.java:42)
		at org.apache.tomcat.jni.Library.initialize(Library.java:206)
		at org.apache.catalina.core.AprLifecycleListener.init(AprLifecycleListener.java:198)
		at org.apache.catalina.core.AprLifecycleListener.isAprAvailable(AprLifecycleListener.java:107)
		at org.apache.catalina.connector.Connector.<init>(Connector.java:80)
		at org.apache.catalina.startup.ConnectorCreateRule.begin(ConnectorCreateRule.java:64)
		at org.apache.tomcat.util.digester.Digester.startElement(Digester.java:1173)
		at com.sun.org.apache.xerces.internal.parsers.AbstractSAXParser.startElement(AbstractSAXParser.java:509)
		at com.sun.org.apache.xerces.internal.parsers.AbstractXMLDocumentParser.emptyElement(AbstractXMLDocumentParser.java:182)
		at com.sun.org.apache.xerces.internal.impl.XMLDocumentFragmentScannerImpl.scanStartElement(XMLDocumentFragmentScannerImpl.java:1339)
		at com.sun.org.apache.xerces.internal.impl.XMLDocumentFragmentScannerImpl$FragmentContentDriver.next(XMLDocumentFragmentScannerImpl.java:2784)
		at com.sun.org.apache.xerces.internal.impl.XMLDocumentScannerImpl.next(XMLDocumentScannerImpl.java:602)
		at com.sun.org.apache.xerces.internal.impl.XMLDocumentFragmentScannerImpl.scanDocument(XMLDocumentFragmentScannerImpl.java:505)
		at com.sun.org.apache.xerces.internal.parsers.XML11Configuration.parse(XML11Configuration.java:842)
		at com.sun.org.apache.xerces.internal.parsers.XML11Configuration.parse(XML11Configuration.java:771)
		at com.sun.org.apache.xerces.internal.parsers.XMLParser.parse(XMLParser.java:141)
		at com.sun.org.apache.xerces.internal.parsers.AbstractSAXParser.parse(AbstractSAXParser.java:1213)
		at com.sun.org.apache.xerces.internal.jaxp.SAXParserImpl$JAXPSAXParser.parse(SAXParserImpl.java:643)
		at org.apache.tomcat.util.digester.Digester.parse(Digester.java:1431)
		at org.apache.catalina.startup.Catalina.load(Catalina.java:566)
		at org.apache.catalina.startup.Catalina.load(Catalina.java:607)
		at sun.reflect.NativeMethodAccessorImpl.invoke0(Native Method)
		at sun.reflect.NativeMethodAccessorImpl.invoke(NativeMethodAccessorImpl.java:62)
		at sun.reflect.DelegatingMethodAccessorImpl.invoke(DelegatingMethodAccessorImpl.java:43)
		at java.lang.reflect.Method.invoke(Method.java:498)
		at org.apache.catalina.startup.Bootstrap.load(Bootstrap.java:304)
		at org.apache.catalina.startup.Bootstrap.main(Bootstrap.java:474)
21-Jun-2019 20:29:52.618 信息 [main] org.apache.catalina.startup.VersionLoggerListener.log Server.服务器版本:        Apache Tomcat/9.0.20
21-Jun-2019 20:29:52.619 信息 [main] org.apache.catalina.startup.VersionLoggerListener.log Server.构建:          May 3 2019 22:26:00 UTC
21-Jun-2019 20:29:52.620 信息 [main] org.apache.catalina.startup.VersionLoggerListener.log Server version number: 9.0.20.0
21-Jun-2019 20:29:52.622 信息 [main] org.apache.catalina.startup.VersionLoggerListener.log OS Name:               Windows 10
21-Jun-2019 20:29:52.623 信息 [main] org.apache.catalina.startup.VersionLoggerListener.log OS.版本:            10.0
21-Jun-2019 20:29:52.623 信息 [main] org.apache.catalina.startup.VersionLoggerListener.log 结.造:          amd64
21-Jun-2019 20:29:52.624 信息 [main] org.apache.catalina.startup.VersionLoggerListener.log Java 环境变量:             C:\Program Files\Java\jdk1.8.0_191\jre
21-Jun-2019 20:29:52.624 信息 [main] org.apache.catalina.startup.VersionLoggerListener.log JVM 版本:           1.8.0_191-b12
21-Jun-2019 20:29:52.625 信息 [main] org.apache.catalina.startup.VersionLoggerListener.log JVM.供应商:            Oracle Corporation
21-Jun-2019 20:29:52.626 信息 [main] org.apache.catalina.startup.VersionLoggerListener.log CATALINA_BASE:         E:\apache-tomcat-9.0.20
21-Jun-2019 20:29:52.628 信息 [main] org.apache.catalina.startup.VersionLoggerListener.log CATALINA_HOME:         E:\apache-tomcat-9.0.20
21-Jun-2019 20:29:52.630 信息 [main] org.apache.catalina.startup.VersionLoggerListener.log Command line argument: -Djava.util.logging.config.file=E:\apache-tomcat-9.0.20\conf\logging.properties
21-Jun-2019 20:29:52.631 信息 [main] org.apache.catalina.startup.VersionLoggerListener.log Command line argument: -Djava.util.logging.manager=org.apache.juli.ClassLoaderLogManager
21-Jun-2019 20:29:52.634 信息 [main] org.apache.catalina.startup.VersionLoggerListener.log Command line argument: -Djdk.tls.ephemeralDHKeySize=2048
21-Jun-2019 20:29:52.635 信息 [main] org.apache.catalina.startup.VersionLoggerListener.log Command line argument: -Djava.protocol.handler.pkgs=org.apache.catalina.webresources
21-Jun-2019 20:29:52.636 信息 [main] org.apache.catalina.startup.VersionLoggerListener.log Command line argument: -Dignore.endorsed.dirs=
21-Jun-2019 20:29:52.637 信息 [main] org.apache.catalina.startup.VersionLoggerListener.log Command line argument: -Dcatalina.base=E:\apache-tomcat-9.0.20
21-Jun-2019 20:29:52.638 信息 [main] org.apache.catalina.startup.VersionLoggerListener.log Command line argument: -Dcatalina.home=E:\apache-tomcat-9.0.20
21-Jun-2019 20:29:52.641 信息 [main] org.apache.catalina.startup.VersionLoggerListener.log Command line argument: -Djava.io.tmpdir=E:\apache-tomcat-9.0.20\temp
21-Jun-2019 20:29:52.945 信息 [main] org.apache.coyote.AbstractProtocol.init 初始化协议处理器 ["http-nio-8080"]
21-Jun-2019 20:29:53.270 信息 [main] org.apache.coyote.AbstractProtocol.init 初始化协议处理器 ["ajp-nio-8009"]
21-Jun-2019 20:29:53.289 信息 [main] org.apache.catalina.startup.Catalina.load 服务器在[876]毫秒内初始化
21-Jun-2019 20:29:53.314 信息 [main] org.apache.catalina.core.StandardService.startInternal Starting service [Catalina]
21-Jun-2019 20:29:53.315 信息 [main] org.apache.catalina.core.StandardEngine.startInternal Starting Servlet engine: [Apache Tomcat/9.0.20]
21-Jun-2019 20:29:53.328 信息 [main] org.apache.catalina.startup.HostConfig.deployDirectory 把web 应用程序部署到目录 [E:\apache-tomcat-9.0.20\webapps\ROOT]
21-Jun-2019 20:29:53.584 信息 [main] org.apache.catalina.startup.HostConfig.deployDirectory Deployment of web application directory [E:\apache-tomcat-9.0.20\webapps\ROOT] has finished in [256] ms
21-Jun-2019 20:29:53.588 信息 [main] org.apache.coyote.AbstractProtocol.start 开始协议处理句柄["http-nio-8080"]
21-Jun-2019 20:29:53.596 信息 [main] org.apache.coyote.AbstractProtocol.start 开始协议处理句柄["ajp-nio-8009"]
21-Jun-2019 20:29:53.599 信息 [main] org.apache.catalina.startup.Catalina.start Server startup in [309] milliseconds
