15-Jun-2019 22:01:22.258 警告 [main] org.apache.catalina.core.AprLifecycleListener.init 基于APR的本地库加载失败.错误报告为[D:\apache-tomcat-9.0.20\bin\tcnative-1.dll: Can't load IA 32-bit .dll on a AMD 64-bit platform]
	java.lang.UnsatisfiedLinkError: D:\apache-tomcat-9.0.20\bin\tcnative-1.dll: Can't load IA 32-bit .dll on a AMD 64-bit platform
		at java.base/java.lang.ClassLoader$NativeLibrary.load0(Native Method)
		at java.base/java.lang.ClassLoader$NativeLibrary.load(ClassLoader.java:2430)
		at java.base/java.lang.ClassLoader$NativeLibrary.loadLibrary(ClassLoader.java:2487)
		at java.base/java.lang.ClassLoader.loadLibrary0(ClassLoader.java:2684)
		at java.base/java.lang.ClassLoader.loadLibrary(ClassLoader.java:2617)
		at java.base/java.lang.Runtime.load0(Runtime.java:767)
		at java.base/java.lang.System.load(System.java:1831)
		at org.apache.tomcat.jni.Library.<init>(Library.java:42)
		at org.apache.tomcat.jni.Library.initialize(Library.java:206)
		at org.apache.catalina.core.AprLifecycleListener.init(AprLifecycleListener.java:198)
		at org.apache.catalina.core.AprLifecycleListener.isAprAvailable(AprLifecycleListener.java:107)
		at org.apache.catalina.connector.Connector.<init>(Connector.java:80)
		at org.apache.catalina.startup.ConnectorCreateRule.begin(ConnectorCreateRule.java:64)
		at org.apache.tomcat.util.digester.Digester.startElement(Digester.java:1173)
		at java.xml/com.sun.org.apache.xerces.internal.parsers.AbstractSAXParser.startElement(AbstractSAXParser.java:510)
		at java.xml/com.sun.org.apache.xerces.internal.parsers.AbstractXMLDocumentParser.emptyElement(AbstractXMLDocumentParser.java:183)
		at java.xml/com.sun.org.apache.xerces.internal.impl.XMLDocumentFragmentScannerImpl.scanStartElement(XMLDocumentFragmentScannerImpl.java:1377)
		at java.xml/com.sun.org.apache.xerces.internal.impl.XMLDocumentFragmentScannerImpl$FragmentContentDriver.next(XMLDocumentFragmentScannerImpl.java:2708)
		at java.xml/com.sun.org.apache.xerces.internal.impl.XMLDocumentScannerImpl.next(XMLDocumentScannerImpl.java:605)
		at java.xml/com.sun.org.apache.xerces.internal.impl.XMLDocumentFragmentScannerImpl.scanDocument(XMLDocumentFragmentScannerImpl.java:534)
		at java.xml/com.sun.org.apache.xerces.internal.parsers.XML11Configuration.parse(XML11Configuration.java:888)
		at java.xml/com.sun.org.apache.xerces.internal.parsers.XML11Configuration.parse(XML11Configuration.java:824)
		at java.xml/com.sun.org.apache.xerces.internal.parsers.XMLParser.parse(XMLParser.java:141)
		at java.xml/com.sun.org.apache.xerces.internal.parsers.AbstractSAXParser.parse(AbstractSAXParser.java:1216)
		at java.xml/com.sun.org.apache.xerces.internal.jaxp.SAXParserImpl$JAXPSAXParser.parse(SAXParserImpl.java:635)
		at org.apache.tomcat.util.digester.Digester.parse(Digester.java:1431)
		at org.apache.catalina.startup.Catalina.load(Catalina.java:566)
		at org.apache.catalina.startup.Catalina.load(Catalina.java:607)
		at java.base/jdk.internal.reflect.NativeMethodAccessorImpl.invoke0(Native Method)
		at java.base/jdk.internal.reflect.NativeMethodAccessorImpl.invoke(NativeMethodAccessorImpl.java:62)
		at java.base/jdk.internal.reflect.DelegatingMethodAccessorImpl.invoke(DelegatingMethodAccessorImpl.java:43)
		at java.base/java.lang.reflect.Method.invoke(Method.java:566)
		at org.apache.catalina.startup.Bootstrap.load(Bootstrap.java:304)
		at org.apache.catalina.startup.Bootstrap.main(Bootstrap.java:474)
15-Jun-2019 22:01:22.342 信息 [main] org.apache.catalina.startup.VersionLoggerListener.log Server.服务器版本:        Apache Tomcat/9.0.20
15-Jun-2019 22:01:22.342 信息 [main] org.apache.catalina.startup.VersionLoggerListener.log Server.构建:          May 3 2019 22:26:00 UTC
15-Jun-2019 22:01:22.342 信息 [main] org.apache.catalina.startup.VersionLoggerListener.log Server version number: 9.0.20.0
15-Jun-2019 22:01:22.342 信息 [main] org.apache.catalina.startup.VersionLoggerListener.log OS Name:               Windows 10
15-Jun-2019 22:01:22.342 信息 [main] org.apache.catalina.startup.VersionLoggerListener.log OS.版本:            10.0
15-Jun-2019 22:01:22.342 信息 [main] org.apache.catalina.startup.VersionLoggerListener.log 结.造:          amd64
15-Jun-2019 22:01:22.342 信息 [main] org.apache.catalina.startup.VersionLoggerListener.log Java 环境变量:             C:\Program Files\OpenJDK\jdk-11.0.2
15-Jun-2019 22:01:22.342 信息 [main] org.apache.catalina.startup.VersionLoggerListener.log JVM 版本:           11.0.2+9
15-Jun-2019 22:01:22.342 信息 [main] org.apache.catalina.startup.VersionLoggerListener.log JVM.供应商:            Oracle Corporation
15-Jun-2019 22:01:22.342 信息 [main] org.apache.catalina.startup.VersionLoggerListener.log CATALINA_BASE:         D:\apache-tomcat-9.0.20
15-Jun-2019 22:01:22.342 信息 [main] org.apache.catalina.startup.VersionLoggerListener.log CATALINA_HOME:         D:\apache-tomcat-9.0.20
15-Jun-2019 22:01:22.342 信息 [main] org.apache.catalina.startup.VersionLoggerListener.log Command line argument: --add-opens=java.base/java.lang=ALL-UNNAMED
15-Jun-2019 22:01:22.342 信息 [main] org.apache.catalina.startup.VersionLoggerListener.log Command line argument: --add-opens=java.base/java.io=ALL-UNNAMED
15-Jun-2019 22:01:22.342 信息 [main] org.apache.catalina.startup.VersionLoggerListener.log Command line argument: --add-opens=java.rmi/sun.rmi.transport=ALL-UNNAMED
15-Jun-2019 22:01:22.342 信息 [main] org.apache.catalina.startup.VersionLoggerListener.log Command line argument: -Djava.util.logging.config.file=D:\apache-tomcat-9.0.20\conf\logging.properties
15-Jun-2019 22:01:22.342 信息 [main] org.apache.catalina.startup.VersionLoggerListener.log Command line argument: -Djava.util.logging.manager=org.apache.juli.ClassLoaderLogManager
15-Jun-2019 22:01:22.342 信息 [main] org.apache.catalina.startup.VersionLoggerListener.log Command line argument: -Djdk.tls.ephemeralDHKeySize=2048
15-Jun-2019 22:01:22.342 信息 [main] org.apache.catalina.startup.VersionLoggerListener.log Command line argument: -Djava.protocol.handler.pkgs=org.apache.catalina.webresources
15-Jun-2019 22:01:22.358 信息 [main] org.apache.catalina.startup.VersionLoggerListener.log Command line argument: -Dignore.endorsed.dirs=
15-Jun-2019 22:01:22.358 信息 [main] org.apache.catalina.startup.VersionLoggerListener.log Command line argument: -Dcatalina.base=D:\apache-tomcat-9.0.20
15-Jun-2019 22:01:22.358 信息 [main] org.apache.catalina.startup.VersionLoggerListener.log Command line argument: -Dcatalina.home=D:\apache-tomcat-9.0.20
15-Jun-2019 22:01:22.358 信息 [main] org.apache.catalina.startup.VersionLoggerListener.log Command line argument: -Djava.io.tmpdir=D:\apache-tomcat-9.0.20\temp
15-Jun-2019 22:01:22.574 信息 [main] org.apache.coyote.AbstractProtocol.init 初始化协议处理器 ["http-nio-8080"]
15-Jun-2019 22:01:22.743 信息 [main] org.apache.coyote.AbstractProtocol.init 初始化协议处理器 ["ajp-nio-8009"]
15-Jun-2019 22:01:22.759 信息 [main] org.apache.catalina.startup.Catalina.load 服务器在[613]毫秒内初始化
15-Jun-2019 22:01:22.806 信息 [main] org.apache.catalina.core.StandardService.startInternal Starting service [Catalina]
15-Jun-2019 22:01:22.806 信息 [main] org.apache.catalina.core.StandardEngine.startInternal Starting Servlet engine: [Apache Tomcat/9.0.20]
15-Jun-2019 22:01:22.806 信息 [main] org.apache.catalina.startup.HostConfig.deployDirectory 把web 应用程序部署到目录 [D:\apache-tomcat-9.0.20\webapps\ROOT]
15-Jun-2019 22:01:23.107 警告 [main] org.apache.catalina.util.SessionIdGeneratorBase.createSecureRandom Creation of SecureRandom instance for session ID generation using [SHA1PRNG] took [116] milliseconds.
15-Jun-2019 22:01:23.129 信息 [main] org.apache.catalina.startup.HostConfig.deployDirectory Deployment of web application directory [D:\apache-tomcat-9.0.20\webapps\ROOT] has finished in [323] ms
15-Jun-2019 22:01:23.145 信息 [main] org.apache.coyote.AbstractProtocol.start 开始协议处理句柄["http-nio-8080"]
15-Jun-2019 22:01:23.145 信息 [main] org.apache.coyote.AbstractProtocol.start 开始协议处理句柄["ajp-nio-8009"]
15-Jun-2019 22:01:23.160 信息 [main] org.apache.catalina.startup.Catalina.start Server startup in [400] milliseconds
