15-Jun-2019 22:03:21.392 严重 [http-nio-8080-exec-5] org.apache.catalina.core.StandardWrapperValve.invoke Servlet.service() for servlet [jsp] in context with path [] threw exception [Unable to compile class for JSP: 

JSP文件：[/services.jsp] 的第 [2] 行发生了一个错误
Syntax error on token "import", delete this token
1: <%
2: import java.util.*;
3: String op=request.getParameter("op");
4: System.out.println("op="+op);
5: 


JSP文件：[/services.jsp] 的第 [2] 行发生了一个错误
java.util.String cannot be resolved to a type
1: <%
2: import java.util.*;
3: String op=request.getParameter("op");
4: System.out.println("op="+op);
5: 


JSP文件：[/services.jsp] 的第 [2] 行发生了一个错误
Syntax error on tokens, delete these tokens
1: <%
2: import java.util.*;
3: String op=request.getParameter("op");
4: System.out.println("op="+op);
5: 


Stacktrace:] with root cause
	org.apache.jasper.JasperException: Unable to compile class for JSP: 

JSP文件：[/services.jsp] 的第 [2] 行发生了一个错误
Syntax error on token "import", delete this token
1: <%
2: import java.util.*;
3: String op=request.getParameter("op");
4: System.out.println("op="+op);
5: 


JSP文件：[/services.jsp] 的第 [2] 行发生了一个错误
java.util.String cannot be resolved to a type
1: <%
2: import java.util.*;
3: String op=request.getParameter("op");
4: System.out.println("op="+op);
5: 


JSP文件：[/services.jsp] 的第 [2] 行发生了一个错误
Syntax error on tokens, delete these tokens
1: <%
2: import java.util.*;
3: String op=request.getParameter("op");
4: System.out.println("op="+op);
5: 


Stacktrace:
		at org.apache.jasper.compiler.DefaultErrorHandler.javacError(DefaultErrorHandler.java:103)
		at org.apache.jasper.compiler.ErrorDispatcher.javacError(ErrorDispatcher.java:213)
		at org.apache.jasper.compiler.JDTCompiler.generateClass(JDTCompiler.java:522)
		at org.apache.jasper.compiler.Compiler.compile(Compiler.java:392)
		at org.apache.jasper.compiler.Compiler.compile(Compiler.java:362)
		at org.apache.jasper.compiler.Compiler.compile(Compiler.java:346)
		at org.apache.jasper.JspCompilationContext.compile(JspCompilationContext.java:603)
		at org.apache.jasper.servlet.JspServletWrapper.service(JspServletWrapper.java:399)
		at org.apache.jasper.servlet.JspServlet.serviceJspFile(JspServlet.java:385)
		at org.apache.jasper.servlet.JspServlet.service(JspServlet.java:329)
		at javax.servlet.http.HttpServlet.service(HttpServlet.java:741)
		at org.apache.catalina.core.ApplicationFilterChain.internalDoFilter(ApplicationFilterChain.java:231)
		at org.apache.catalina.core.ApplicationFilterChain.doFilter(ApplicationFilterChain.java:166)
		at org.apache.tomcat.websocket.server.WsFilter.doFilter(WsFilter.java:53)
		at org.apache.catalina.core.ApplicationFilterChain.internalDoFilter(ApplicationFilterChain.java:193)
		at org.apache.catalina.core.ApplicationFilterChain.doFilter(ApplicationFilterChain.java:166)
		at org.apache.catalina.core.StandardWrapperValve.invoke(StandardWrapperValve.java:200)
		at org.apache.catalina.core.StandardContextValve.invoke(StandardContextValve.java:96)
		at org.apache.catalina.authenticator.AuthenticatorBase.invoke(AuthenticatorBase.java:490)
		at org.apache.catalina.core.StandardHostValve.invoke(StandardHostValve.java:139)
		at org.apache.catalina.valves.ErrorReportValve.invoke(ErrorReportValve.java:92)
		at org.apache.catalina.valves.AbstractAccessLogValve.invoke(AbstractAccessLogValve.java:678)
		at org.apache.catalina.core.StandardEngineValve.invoke(StandardEngineValve.java:74)
		at org.apache.catalina.connector.CoyoteAdapter.service(CoyoteAdapter.java:343)
		at org.apache.coyote.http11.Http11Processor.service(Http11Processor.java:408)
		at org.apache.coyote.AbstractProcessorLight.process(AbstractProcessorLight.java:66)
		at org.apache.coyote.AbstractProtocol$ConnectionHandler.process(AbstractProtocol.java:836)
		at org.apache.tomcat.util.net.NioEndpoint$SocketProcessor.doRun(NioEndpoint.java:1839)
		at org.apache.tomcat.util.net.SocketProcessorBase.run(SocketProcessorBase.java:49)
		at java.base/java.util.concurrent.ThreadPoolExecutor.runWorker(ThreadPoolExecutor.java:1128)
		at java.base/java.util.concurrent.ThreadPoolExecutor$Worker.run(ThreadPoolExecutor.java:628)
		at org.apache.tomcat.util.threads.TaskThread$WrappingRunnable.run(TaskThread.java:61)
		at java.base/java.lang.Thread.run(Thread.java:834)
15-Jun-2019 22:08:24.627 严重 [http-nio-8080-exec-10] org.apache.catalina.core.StandardWrapperValve.invoke Servlet.service() for servlet [jsp] in context with path [] threw exception [Unable to compile class for JSP: 

JSP文件：[/services.jsp] 的第 [16] 行发生了一个错误
Syntax error, insert ";" to complete BlockStatements
13:     
14: }
15: else{
16:     out.print("UNKNOWN_COMMAND")
17: }
18: %>


Stacktrace:] with root cause
	org.apache.jasper.JasperException: Unable to compile class for JSP: 

JSP文件：[/services.jsp] 的第 [16] 行发生了一个错误
Syntax error, insert ";" to complete BlockStatements
13:     
14: }
15: else{
16:     out.print("UNKNOWN_COMMAND")
17: }
18: %>


Stacktrace:
		at org.apache.jasper.compiler.DefaultErrorHandler.javacError(DefaultErrorHandler.java:103)
		at org.apache.jasper.compiler.ErrorDispatcher.javacError(ErrorDispatcher.java:213)
		at org.apache.jasper.compiler.JDTCompiler.generateClass(JDTCompiler.java:522)
		at org.apache.jasper.compiler.Compiler.compile(Compiler.java:392)
		at org.apache.jasper.compiler.Compiler.compile(Compiler.java:362)
		at org.apache.jasper.compiler.Compiler.compile(Compiler.java:346)
		at org.apache.jasper.JspCompilationContext.compile(JspCompilationContext.java:603)
		at org.apache.jasper.servlet.JspServletWrapper.service(JspServletWrapper.java:399)
		at org.apache.jasper.servlet.JspServlet.serviceJspFile(JspServlet.java:385)
		at org.apache.jasper.servlet.JspServlet.service(JspServlet.java:329)
		at javax.servlet.http.HttpServlet.service(HttpServlet.java:741)
		at org.apache.catalina.core.ApplicationFilterChain.internalDoFilter(ApplicationFilterChain.java:231)
		at org.apache.catalina.core.ApplicationFilterChain.doFilter(ApplicationFilterChain.java:166)
		at org.apache.tomcat.websocket.server.WsFilter.doFilter(WsFilter.java:53)
		at org.apache.catalina.core.ApplicationFilterChain.internalDoFilter(ApplicationFilterChain.java:193)
		at org.apache.catalina.core.ApplicationFilterChain.doFilter(ApplicationFilterChain.java:166)
		at org.apache.catalina.core.StandardWrapperValve.invoke(StandardWrapperValve.java:200)
		at org.apache.catalina.core.StandardContextValve.invoke(StandardContextValve.java:96)
		at org.apache.catalina.authenticator.AuthenticatorBase.invoke(AuthenticatorBase.java:490)
		at org.apache.catalina.core.StandardHostValve.invoke(StandardHostValve.java:139)
		at org.apache.catalina.valves.ErrorReportValve.invoke(ErrorReportValve.java:92)
		at org.apache.catalina.valves.AbstractAccessLogValve.invoke(AbstractAccessLogValve.java:678)
		at org.apache.catalina.core.StandardEngineValve.invoke(StandardEngineValve.java:74)
		at org.apache.catalina.connector.CoyoteAdapter.service(CoyoteAdapter.java:343)
		at org.apache.coyote.http11.Http11Processor.service(Http11Processor.java:408)
		at org.apache.coyote.AbstractProcessorLight.process(AbstractProcessorLight.java:66)
		at org.apache.coyote.AbstractProtocol$ConnectionHandler.process(AbstractProtocol.java:836)
		at org.apache.tomcat.util.net.NioEndpoint$SocketProcessor.doRun(NioEndpoint.java:1839)
		at org.apache.tomcat.util.net.SocketProcessorBase.run(SocketProcessorBase.java:49)
		at java.base/java.util.concurrent.ThreadPoolExecutor.runWorker(ThreadPoolExecutor.java:1128)
		at java.base/java.util.concurrent.ThreadPoolExecutor$Worker.run(ThreadPoolExecutor.java:628)
		at org.apache.tomcat.util.threads.TaskThread$WrappingRunnable.run(TaskThread.java:61)
		at java.base/java.lang.Thread.run(Thread.java:834)
15-Jun-2019 22:36:05.841 严重 [http-nio-8080-exec-2] org.apache.catalina.core.StandardWrapperValve.invoke Servlet.service() for servlet [jsp] in context with path [] threw exception [Unable to compile class for JSP: 

JSP文件：[/services.jsp] 的第 [27] 行发生了一个错误
The method keys() is undefined for the type Map
24: }
25: else if("login".equals(cmd)){
26:     String state="FAIL";
27:     if(dataSet.keys().contains(phone)){
28:         Map item=dataSet.get(phone);
29:         String pwd=item.get("password");
30:         if(null==pwd){


JSP文件：[/services.jsp] 的第 [28] 行发生了一个错误
Type mismatch: cannot convert from Object to Map
25: else if("login".equals(cmd)){
26:     String state="FAIL";
27:     if(dataSet.keys().contains(phone)){
28:         Map item=dataSet.get(phone);
29:         String pwd=item.get("password");
30:         if(null==pwd){
31:             pwd="";


JSP文件：[/services.jsp] 的第 [29] 行发生了一个错误
Type mismatch: cannot convert from Object to String
26:     String state="FAIL";
27:     if(dataSet.keys().contains(phone)){
28:         Map item=dataSet.get(phone);
29:         String pwd=item.get("password");
30:         if(null==pwd){
31:             pwd="";
32:         }


JSP文件：[/services.jsp] 的第 [41] 行发生了一个错误
The method keys() is undefined for the type Map
38: }
39: else if("query".equals(cmd)){
40:     String datas="NONE";
41:     if(dataSet.keys().contains(phone)){
42:         datas=phone;
43:         Map item=dataSet.get(phone);
44:         String data=item.get("password");


JSP文件：[/services.jsp] 的第 [43] 行发生了一个错误
Type mismatch: cannot convert from Object to Map
40:     String datas="NONE";
41:     if(dataSet.keys().contains(phone)){
42:         datas=phone;
43:         Map item=dataSet.get(phone);
44:         String data=item.get("password");
45:         datas+=data==null?"":data+",";
46:         data=item.get("gender");


JSP文件：[/services.jsp] 的第 [44] 行发生了一个错误
Type mismatch: cannot convert from Object to String
41:     if(dataSet.keys().contains(phone)){
42:         datas=phone;
43:         Map item=dataSet.get(phone);
44:         String data=item.get("password");
45:         datas+=data==null?"":data+",";
46:         data=item.get("gender");
47:         datas+=data==null?"":data+",";


JSP文件：[/services.jsp] 的第 [46] 行发生了一个错误
Type mismatch: cannot convert from Object to String
43:         Map item=dataSet.get(phone);
44:         String data=item.get("password");
45:         datas+=data==null?"":data+",";
46:         data=item.get("gender");
47:         datas+=data==null?"":data+",";
48:         data=item.get("hobbies");
49:         datas+=data==null?"":data+",";


JSP文件：[/services.jsp] 的第 [48] 行发生了一个错误
Type mismatch: cannot convert from Object to String
45:         datas+=data==null?"":data+",";
46:         data=item.get("gender");
47:         datas+=data==null?"":data+",";
48:         data=item.get("hobbies");
49:         datas+=data==null?"":data+",";
50:         data=item.get("location");
51:         datas+=data==null?"":data+",";


JSP文件：[/services.jsp] 的第 [50] 行发生了一个错误
Type mismatch: cannot convert from Object to String
47:         datas+=data==null?"":data+",";
48:         data=item.get("hobbies");
49:         datas+=data==null?"":data+",";
50:         data=item.get("location");
51:         datas+=data==null?"":data+",";
52:     }
53:     out.print(datas);


Stacktrace:] with root cause
	org.apache.jasper.JasperException: Unable to compile class for JSP: 

JSP文件：[/services.jsp] 的第 [27] 行发生了一个错误
The method keys() is undefined for the type Map
24: }
25: else if("login".equals(cmd)){
26:     String state="FAIL";
27:     if(dataSet.keys().contains(phone)){
28:         Map item=dataSet.get(phone);
29:         String pwd=item.get("password");
30:         if(null==pwd){


JSP文件：[/services.jsp] 的第 [28] 行发生了一个错误
Type mismatch: cannot convert from Object to Map
25: else if("login".equals(cmd)){
26:     String state="FAIL";
27:     if(dataSet.keys().contains(phone)){
28:         Map item=dataSet.get(phone);
29:         String pwd=item.get("password");
30:         if(null==pwd){
31:             pwd="";


JSP文件：[/services.jsp] 的第 [29] 行发生了一个错误
Type mismatch: cannot convert from Object to String
26:     String state="FAIL";
27:     if(dataSet.keys().contains(phone)){
28:         Map item=dataSet.get(phone);
29:         String pwd=item.get("password");
30:         if(null==pwd){
31:             pwd="";
32:         }


JSP文件：[/services.jsp] 的第 [41] 行发生了一个错误
The method keys() is undefined for the type Map
38: }
39: else if("query".equals(cmd)){
40:     String datas="NONE";
41:     if(dataSet.keys().contains(phone)){
42:         datas=phone;
43:         Map item=dataSet.get(phone);
44:         String data=item.get("password");


JSP文件：[/services.jsp] 的第 [43] 行发生了一个错误
Type mismatch: cannot convert from Object to Map
40:     String datas="NONE";
41:     if(dataSet.keys().contains(phone)){
42:         datas=phone;
43:         Map item=dataSet.get(phone);
44:         String data=item.get("password");
45:         datas+=data==null?"":data+",";
46:         data=item.get("gender");


JSP文件：[/services.jsp] 的第 [44] 行发生了一个错误
Type mismatch: cannot convert from Object to String
41:     if(dataSet.keys().contains(phone)){
42:         datas=phone;
43:         Map item=dataSet.get(phone);
44:         String data=item.get("password");
45:         datas+=data==null?"":data+",";
46:         data=item.get("gender");
47:         datas+=data==null?"":data+",";


JSP文件：[/services.jsp] 的第 [46] 行发生了一个错误
Type mismatch: cannot convert from Object to String
43:         Map item=dataSet.get(phone);
44:         String data=item.get("password");
45:         datas+=data==null?"":data+",";
46:         data=item.get("gender");
47:         datas+=data==null?"":data+",";
48:         data=item.get("hobbies");
49:         datas+=data==null?"":data+",";


JSP文件：[/services.jsp] 的第 [48] 行发生了一个错误
Type mismatch: cannot convert from Object to String
45:         datas+=data==null?"":data+",";
46:         data=item.get("gender");
47:         datas+=data==null?"":data+",";
48:         data=item.get("hobbies");
49:         datas+=data==null?"":data+",";
50:         data=item.get("location");
51:         datas+=data==null?"":data+",";


JSP文件：[/services.jsp] 的第 [50] 行发生了一个错误
Type mismatch: cannot convert from Object to String
47:         datas+=data==null?"":data+",";
48:         data=item.get("hobbies");
49:         datas+=data==null?"":data+",";
50:         data=item.get("location");
51:         datas+=data==null?"":data+",";
52:     }
53:     out.print(datas);


Stacktrace:
		at org.apache.jasper.compiler.DefaultErrorHandler.javacError(DefaultErrorHandler.java:103)
		at org.apache.jasper.compiler.ErrorDispatcher.javacError(ErrorDispatcher.java:213)
		at org.apache.jasper.compiler.JDTCompiler.generateClass(JDTCompiler.java:522)
		at org.apache.jasper.compiler.Compiler.compile(Compiler.java:392)
		at org.apache.jasper.compiler.Compiler.compile(Compiler.java:362)
		at org.apache.jasper.compiler.Compiler.compile(Compiler.java:346)
		at org.apache.jasper.JspCompilationContext.compile(JspCompilationContext.java:603)
		at org.apache.jasper.servlet.JspServletWrapper.service(JspServletWrapper.java:399)
		at org.apache.jasper.servlet.JspServlet.serviceJspFile(JspServlet.java:385)
		at org.apache.jasper.servlet.JspServlet.service(JspServlet.java:329)
		at javax.servlet.http.HttpServlet.service(HttpServlet.java:741)
		at org.apache.catalina.core.ApplicationFilterChain.internalDoFilter(ApplicationFilterChain.java:231)
		at org.apache.catalina.core.ApplicationFilterChain.doFilter(ApplicationFilterChain.java:166)
		at org.apache.tomcat.websocket.server.WsFilter.doFilter(WsFilter.java:53)
		at org.apache.catalina.core.ApplicationFilterChain.internalDoFilter(ApplicationFilterChain.java:193)
		at org.apache.catalina.core.ApplicationFilterChain.doFilter(ApplicationFilterChain.java:166)
		at org.apache.catalina.core.StandardWrapperValve.invoke(StandardWrapperValve.java:200)
		at org.apache.catalina.core.StandardContextValve.invoke(StandardContextValve.java:96)
		at org.apache.catalina.authenticator.AuthenticatorBase.invoke(AuthenticatorBase.java:490)
		at org.apache.catalina.core.StandardHostValve.invoke(StandardHostValve.java:139)
		at org.apache.catalina.valves.ErrorReportValve.invoke(ErrorReportValve.java:92)
		at org.apache.catalina.valves.AbstractAccessLogValve.invoke(AbstractAccessLogValve.java:678)
		at org.apache.catalina.core.StandardEngineValve.invoke(StandardEngineValve.java:74)
		at org.apache.catalina.connector.CoyoteAdapter.service(CoyoteAdapter.java:343)
		at org.apache.coyote.http11.Http11Processor.service(Http11Processor.java:408)
		at org.apache.coyote.AbstractProcessorLight.process(AbstractProcessorLight.java:66)
		at org.apache.coyote.AbstractProtocol$ConnectionHandler.process(AbstractProtocol.java:836)
		at org.apache.tomcat.util.net.NioEndpoint$SocketProcessor.doRun(NioEndpoint.java:1839)
		at org.apache.tomcat.util.net.SocketProcessorBase.run(SocketProcessorBase.java:49)
		at java.base/java.util.concurrent.ThreadPoolExecutor.runWorker(ThreadPoolExecutor.java:1128)
		at java.base/java.util.concurrent.ThreadPoolExecutor$Worker.run(ThreadPoolExecutor.java:628)
		at org.apache.tomcat.util.threads.TaskThread$WrappingRunnable.run(TaskThread.java:61)
		at java.base/java.lang.Thread.run(Thread.java:834)
15-Jun-2019 22:37:50.963 严重 [http-nio-8080-exec-3] org.apache.catalina.core.StandardWrapperValve.invoke Servlet.service() for servlet [jsp] in context with path [] threw exception [Unable to compile class for JSP: 

JSP文件：[/services.jsp] 的第 [27] 行发生了一个错误
The method keys() is undefined for the type Map
24: }
25: else if("login".equals(cmd)){
26:     String state="FAIL";
27:     if(dataSet.keys().contains(phone)){
28:         Map item=(Map)dataSet.get(phone);
29:         String pwd=(String)item.get("password");
30:         if(null==pwd){


JSP文件：[/services.jsp] 的第 [41] 行发生了一个错误
The method keys() is undefined for the type Map
38: }
39: else if("query".equals(cmd)){
40:     String datas="NONE";
41:     if(dataSet.keys().contains(phone)){
42:         datas=phone;
43:         Map item=(Map)dataSet.get(phone);
44:         String data=(String)item.get("password");


Stacktrace:] with root cause
	org.apache.jasper.JasperException: Unable to compile class for JSP: 

JSP文件：[/services.jsp] 的第 [27] 行发生了一个错误
The method keys() is undefined for the type Map
24: }
25: else if("login".equals(cmd)){
26:     String state="FAIL";
27:     if(dataSet.keys().contains(phone)){
28:         Map item=(Map)dataSet.get(phone);
29:         String pwd=(String)item.get("password");
30:         if(null==pwd){


JSP文件：[/services.jsp] 的第 [41] 行发生了一个错误
The method keys() is undefined for the type Map
38: }
39: else if("query".equals(cmd)){
40:     String datas="NONE";
41:     if(dataSet.keys().contains(phone)){
42:         datas=phone;
43:         Map item=(Map)dataSet.get(phone);
44:         String data=(String)item.get("password");


Stacktrace:
		at org.apache.jasper.compiler.DefaultErrorHandler.javacError(DefaultErrorHandler.java:103)
		at org.apache.jasper.compiler.ErrorDispatcher.javacError(ErrorDispatcher.java:213)
		at org.apache.jasper.compiler.JDTCompiler.generateClass(JDTCompiler.java:522)
		at org.apache.jasper.compiler.Compiler.compile(Compiler.java:392)
		at org.apache.jasper.compiler.Compiler.compile(Compiler.java:362)
		at org.apache.jasper.compiler.Compiler.compile(Compiler.java:346)
		at org.apache.jasper.JspCompilationContext.compile(JspCompilationContext.java:603)
		at org.apache.jasper.servlet.JspServletWrapper.service(JspServletWrapper.java:399)
		at org.apache.jasper.servlet.JspServlet.serviceJspFile(JspServlet.java:385)
		at org.apache.jasper.servlet.JspServlet.service(JspServlet.java:329)
		at javax.servlet.http.HttpServlet.service(HttpServlet.java:741)
		at org.apache.catalina.core.ApplicationFilterChain.internalDoFilter(ApplicationFilterChain.java:231)
		at org.apache.catalina.core.ApplicationFilterChain.doFilter(ApplicationFilterChain.java:166)
		at org.apache.tomcat.websocket.server.WsFilter.doFilter(WsFilter.java:53)
		at org.apache.catalina.core.ApplicationFilterChain.internalDoFilter(ApplicationFilterChain.java:193)
		at org.apache.catalina.core.ApplicationFilterChain.doFilter(ApplicationFilterChain.java:166)
		at org.apache.catalina.core.StandardWrapperValve.invoke(StandardWrapperValve.java:200)
		at org.apache.catalina.core.StandardContextValve.invoke(StandardContextValve.java:96)
		at org.apache.catalina.authenticator.AuthenticatorBase.invoke(AuthenticatorBase.java:490)
		at org.apache.catalina.core.StandardHostValve.invoke(StandardHostValve.java:139)
		at org.apache.catalina.valves.ErrorReportValve.invoke(ErrorReportValve.java:92)
		at org.apache.catalina.valves.AbstractAccessLogValve.invoke(AbstractAccessLogValve.java:678)
		at org.apache.catalina.core.StandardEngineValve.invoke(StandardEngineValve.java:74)
		at org.apache.catalina.connector.CoyoteAdapter.service(CoyoteAdapter.java:343)
		at org.apache.coyote.http11.Http11Processor.service(Http11Processor.java:408)
		at org.apache.coyote.AbstractProcessorLight.process(AbstractProcessorLight.java:66)
		at org.apache.coyote.AbstractProtocol$ConnectionHandler.process(AbstractProtocol.java:836)
		at org.apache.tomcat.util.net.NioEndpoint$SocketProcessor.doRun(NioEndpoint.java:1839)
		at org.apache.tomcat.util.net.SocketProcessorBase.run(SocketProcessorBase.java:49)
		at java.base/java.util.concurrent.ThreadPoolExecutor.runWorker(ThreadPoolExecutor.java:1128)
		at java.base/java.util.concurrent.ThreadPoolExecutor$Worker.run(ThreadPoolExecutor.java:628)
		at org.apache.tomcat.util.threads.TaskThread$WrappingRunnable.run(TaskThread.java:61)
		at java.base/java.lang.Thread.run(Thread.java:834)
15-Jun-2019 22:43:09.541 严重 [http-nio-8080-exec-5] org.apache.catalina.core.StandardWrapperValve.invoke Servlet.service() for servlet [jsp] in context with path [] threw exception [Unable to compile class for JSP: 

JSP文件：[/services.jsp] 的第 [27] 行发生了一个错误
Syntax error, insert ";" to complete Statement
24: }
25: else if("login".equals(cmd)){
26:     String state="FAIL";
27:     System.out.println(dataSet.keySet().contains(phone))
28:     if(dataSet.keySet().contains(phone)){
29:         Map item=(Map)dataSet.get(phone);
30:         String pwd=(String)item.get("password");


Stacktrace:] with root cause
	org.apache.jasper.JasperException: Unable to compile class for JSP: 

JSP文件：[/services.jsp] 的第 [27] 行发生了一个错误
Syntax error, insert ";" to complete Statement
24: }
25: else if("login".equals(cmd)){
26:     String state="FAIL";
27:     System.out.println(dataSet.keySet().contains(phone))
28:     if(dataSet.keySet().contains(phone)){
29:         Map item=(Map)dataSet.get(phone);
30:         String pwd=(String)item.get("password");


Stacktrace:
		at org.apache.jasper.compiler.DefaultErrorHandler.javacError(DefaultErrorHandler.java:103)
		at org.apache.jasper.compiler.ErrorDispatcher.javacError(ErrorDispatcher.java:213)
		at org.apache.jasper.compiler.JDTCompiler.generateClass(JDTCompiler.java:522)
		at org.apache.jasper.compiler.Compiler.compile(Compiler.java:392)
		at org.apache.jasper.compiler.Compiler.compile(Compiler.java:362)
		at org.apache.jasper.compiler.Compiler.compile(Compiler.java:346)
		at org.apache.jasper.JspCompilationContext.compile(JspCompilationContext.java:603)
		at org.apache.jasper.servlet.JspServletWrapper.service(JspServletWrapper.java:399)
		at org.apache.jasper.servlet.JspServlet.serviceJspFile(JspServlet.java:385)
		at org.apache.jasper.servlet.JspServlet.service(JspServlet.java:329)
		at javax.servlet.http.HttpServlet.service(HttpServlet.java:741)
		at org.apache.catalina.core.ApplicationFilterChain.internalDoFilter(ApplicationFilterChain.java:231)
		at org.apache.catalina.core.ApplicationFilterChain.doFilter(ApplicationFilterChain.java:166)
		at org.apache.tomcat.websocket.server.WsFilter.doFilter(WsFilter.java:53)
		at org.apache.catalina.core.ApplicationFilterChain.internalDoFilter(ApplicationFilterChain.java:193)
		at org.apache.catalina.core.ApplicationFilterChain.doFilter(ApplicationFilterChain.java:166)
		at org.apache.catalina.core.StandardWrapperValve.invoke(StandardWrapperValve.java:200)
		at org.apache.catalina.core.StandardContextValve.invoke(StandardContextValve.java:96)
		at org.apache.catalina.authenticator.AuthenticatorBase.invoke(AuthenticatorBase.java:490)
		at org.apache.catalina.core.StandardHostValve.invoke(StandardHostValve.java:139)
		at org.apache.catalina.valves.ErrorReportValve.invoke(ErrorReportValve.java:92)
		at org.apache.catalina.valves.AbstractAccessLogValve.invoke(AbstractAccessLogValve.java:678)
		at org.apache.catalina.core.StandardEngineValve.invoke(StandardEngineValve.java:74)
		at org.apache.catalina.connector.CoyoteAdapter.service(CoyoteAdapter.java:343)
		at org.apache.coyote.http11.Http11Processor.service(Http11Processor.java:408)
		at org.apache.coyote.AbstractProcessorLight.process(AbstractProcessorLight.java:66)
		at org.apache.coyote.AbstractProtocol$ConnectionHandler.process(AbstractProtocol.java:836)
		at org.apache.tomcat.util.net.NioEndpoint$SocketProcessor.doRun(NioEndpoint.java:1839)
		at org.apache.tomcat.util.net.SocketProcessorBase.run(SocketProcessorBase.java:49)
		at java.base/java.util.concurrent.ThreadPoolExecutor.runWorker(ThreadPoolExecutor.java:1128)
		at java.base/java.util.concurrent.ThreadPoolExecutor$Worker.run(ThreadPoolExecutor.java:628)
		at org.apache.tomcat.util.threads.TaskThread$WrappingRunnable.run(TaskThread.java:61)
		at java.base/java.lang.Thread.run(Thread.java:834)
15-Jun-2019 22:45:11.125 严重 [http-nio-8080-exec-9] org.apache.catalina.core.StandardWrapperValve.invoke Servlet.service() for servlet [jsp] in context with path [] threw exception [Unable to compile class for JSP: 

JSP文件：[/services.jsp] 的第 [27] 行发生了一个错误
Type mismatch: cannot convert from element type Object to String
24: }
25: else if("login".equals(cmd)){
26:     String state="FAIL";
27:     for(String k:dataSet.keySet()){
28:         System.out.println("key="+k);
29:     }
30:     System.out.println(dataSet.keySet().contains(phone));


Stacktrace:] with root cause
	org.apache.jasper.JasperException: Unable to compile class for JSP: 

JSP文件：[/services.jsp] 的第 [27] 行发生了一个错误
Type mismatch: cannot convert from element type Object to String
24: }
25: else if("login".equals(cmd)){
26:     String state="FAIL";
27:     for(String k:dataSet.keySet()){
28:         System.out.println("key="+k);
29:     }
30:     System.out.println(dataSet.keySet().contains(phone));


Stacktrace:
		at org.apache.jasper.compiler.DefaultErrorHandler.javacError(DefaultErrorHandler.java:103)
		at org.apache.jasper.compiler.ErrorDispatcher.javacError(ErrorDispatcher.java:213)
		at org.apache.jasper.compiler.JDTCompiler.generateClass(JDTCompiler.java:522)
		at org.apache.jasper.compiler.Compiler.compile(Compiler.java:392)
		at org.apache.jasper.compiler.Compiler.compile(Compiler.java:362)
		at org.apache.jasper.compiler.Compiler.compile(Compiler.java:346)
		at org.apache.jasper.JspCompilationContext.compile(JspCompilationContext.java:603)
		at org.apache.jasper.servlet.JspServletWrapper.service(JspServletWrapper.java:399)
		at org.apache.jasper.servlet.JspServlet.serviceJspFile(JspServlet.java:385)
		at org.apache.jasper.servlet.JspServlet.service(JspServlet.java:329)
		at javax.servlet.http.HttpServlet.service(HttpServlet.java:741)
		at org.apache.catalina.core.ApplicationFilterChain.internalDoFilter(ApplicationFilterChain.java:231)
		at org.apache.catalina.core.ApplicationFilterChain.doFilter(ApplicationFilterChain.java:166)
		at org.apache.tomcat.websocket.server.WsFilter.doFilter(WsFilter.java:53)
		at org.apache.catalina.core.ApplicationFilterChain.internalDoFilter(ApplicationFilterChain.java:193)
		at org.apache.catalina.core.ApplicationFilterChain.doFilter(ApplicationFilterChain.java:166)
		at org.apache.catalina.core.StandardWrapperValve.invoke(StandardWrapperValve.java:200)
		at org.apache.catalina.core.StandardContextValve.invoke(StandardContextValve.java:96)
		at org.apache.catalina.authenticator.AuthenticatorBase.invoke(AuthenticatorBase.java:490)
		at org.apache.catalina.core.StandardHostValve.invoke(StandardHostValve.java:139)
		at org.apache.catalina.valves.ErrorReportValve.invoke(ErrorReportValve.java:92)
		at org.apache.catalina.valves.AbstractAccessLogValve.invoke(AbstractAccessLogValve.java:678)
		at org.apache.catalina.core.StandardEngineValve.invoke(StandardEngineValve.java:74)
		at org.apache.catalina.connector.CoyoteAdapter.service(CoyoteAdapter.java:343)
		at org.apache.coyote.http11.Http11Processor.service(Http11Processor.java:408)
		at org.apache.coyote.AbstractProcessorLight.process(AbstractProcessorLight.java:66)
		at org.apache.coyote.AbstractProtocol$ConnectionHandler.process(AbstractProtocol.java:836)
		at org.apache.tomcat.util.net.NioEndpoint$SocketProcessor.doRun(NioEndpoint.java:1839)
		at org.apache.tomcat.util.net.SocketProcessorBase.run(SocketProcessorBase.java:49)
		at java.base/java.util.concurrent.ThreadPoolExecutor.runWorker(ThreadPoolExecutor.java:1128)
		at java.base/java.util.concurrent.ThreadPoolExecutor$Worker.run(ThreadPoolExecutor.java:628)
		at org.apache.tomcat.util.threads.TaskThread$WrappingRunnable.run(TaskThread.java:61)
		at java.base/java.lang.Thread.run(Thread.java:834)
